g:\new folder\shr\simpsons hit&run\game\libs\pure3d\build\win32\obj\libpng\debug\libpng.pdb
g:\new folder\shr\simpsons hit&run\game\libs\pure3d\build\win32\obj\libpng\debug\pngwutil.obj
g:\new folder\shr\simpsons hit&run\game\libs\pure3d\build\win32\obj\libpng\debug\pngwtran.obj
g:\new folder\shr\simpsons hit&run\game\libs\pure3d\build\win32\obj\libpng\debug\pngwrite.obj
g:\new folder\shr\simpsons hit&run\game\libs\pure3d\build\win32\obj\libpng\debug\pngwio.obj
g:\new folder\shr\simpsons hit&run\game\libs\pure3d\build\win32\obj\libpng\debug\pngtrans.obj
g:\new folder\shr\simpsons hit&run\game\libs\pure3d\build\win32\obj\libpng\debug\pngset.obj
g:\new folder\shr\simpsons hit&run\game\libs\pure3d\build\win32\obj\libpng\debug\pngrutil.obj
g:\new folder\shr\simpsons hit&run\game\libs\pure3d\build\win32\obj\libpng\debug\pngrtran.obj
g:\new folder\shr\simpsons hit&run\game\libs\pure3d\build\win32\obj\libpng\debug\pngrio.obj
g:\new folder\shr\simpsons hit&run\game\libs\pure3d\build\win32\obj\libpng\debug\pngread.obj
g:\new folder\shr\simpsons hit&run\game\libs\pure3d\build\win32\obj\libpng\debug\pngpread.obj
g:\new folder\shr\simpsons hit&run\game\libs\pure3d\build\win32\obj\libpng\debug\pngmem.obj
g:\new folder\shr\simpsons hit&run\game\libs\pure3d\build\win32\obj\libpng\debug\pngget.obj
g:\new folder\shr\simpsons hit&run\game\libs\pure3d\build\win32\obj\libpng\debug\pngerror.obj
g:\new folder\shr\simpsons hit&run\game\libs\pure3d\build\win32\obj\libpng\debug\png.obj
g:\new folder\shr\simpsons hit&run\game\libs\pure3d\build\lib\pngwd.lib
g:\new folder\shr\simpsons hit&run\game\libs\pure3d\build\win32\obj\libpng\debug\vc120.pdb
g:\new folder\shr\simpsons hit&run\game\libs\pure3d\build\win32\obj\libpng\debug\libpng.tlog\cl.command.1.tlog
g:\new folder\shr\simpsons hit&run\game\libs\pure3d\build\win32\obj\libpng\debug\libpng.tlog\cl.read.1.tlog
g:\new folder\shr\simpsons hit&run\game\libs\pure3d\build\win32\obj\libpng\debug\libpng.tlog\cl.write.1.tlog
g:\new folder\shr\simpsons hit&run\game\libs\pure3d\build\win32\obj\libpng\debug\libpng.tlog\lib-link.read.1.tlog
g:\new folder\shr\simpsons hit&run\game\libs\pure3d\build\win32\obj\libpng\debug\libpng.tlog\lib-link.write.1.tlog
g:\new folder\shr\simpsons hit&run\game\libs\pure3d\build\win32\obj\libpng\debug\libpng.tlog\lib.command.1.tlog
