g:\new folder\shr\simpsons hit&run\game\libs\pure3d\build\win32\obj\zlib\debug\zlib.pdb
g:\new folder\shr\simpsons hit&run\game\libs\pure3d\build\win32\obj\zlib\debug\zutil.obj
g:\new folder\shr\simpsons hit&run\game\libs\pure3d\build\win32\obj\zlib\debug\uncompr.obj
g:\new folder\shr\simpsons hit&run\game\libs\pure3d\build\win32\obj\zlib\debug\trees.obj
g:\new folder\shr\simpsons hit&run\game\libs\pure3d\build\win32\obj\zlib\debug\infutil.obj
g:\new folder\shr\simpsons hit&run\game\libs\pure3d\build\win32\obj\zlib\debug\inftrees.obj
g:\new folder\shr\simpsons hit&run\game\libs\pure3d\build\win32\obj\zlib\debug\inflate.obj
g:\new folder\shr\simpsons hit&run\game\libs\pure3d\build\win32\obj\zlib\debug\inffast.obj
g:\new folder\shr\simpsons hit&run\game\libs\pure3d\build\win32\obj\zlib\debug\infcodes.obj
g:\new folder\shr\simpsons hit&run\game\libs\pure3d\build\win32\obj\zlib\debug\infblock.obj
g:\new folder\shr\simpsons hit&run\game\libs\pure3d\build\win32\obj\zlib\debug\gzio.obj
g:\new folder\shr\simpsons hit&run\game\libs\pure3d\build\win32\obj\zlib\debug\deflate.obj
g:\new folder\shr\simpsons hit&run\game\libs\pure3d\build\win32\obj\zlib\debug\crc32.obj
g:\new folder\shr\simpsons hit&run\game\libs\pure3d\build\win32\obj\zlib\debug\compress.obj
g:\new folder\shr\simpsons hit&run\game\libs\pure3d\build\win32\obj\zlib\debug\adler32.obj
g:\new folder\shr\simpsons hit&run\game\libs\pure3d\build\lib\zlibwd.lib
g:\new folder\shr\simpsons hit&run\game\libs\pure3d\build\win32\obj\zlib\debug\vc120.pdb
g:\new folder\shr\simpsons hit&run\game\libs\pure3d\build\win32\obj\zlib\debug\zlib.tlog\cl.command.1.tlog
g:\new folder\shr\simpsons hit&run\game\libs\pure3d\build\win32\obj\zlib\debug\zlib.tlog\cl.read.1.tlog
g:\new folder\shr\simpsons hit&run\game\libs\pure3d\build\win32\obj\zlib\debug\zlib.tlog\cl.write.1.tlog
g:\new folder\shr\simpsons hit&run\game\libs\pure3d\build\win32\obj\zlib\debug\zlib.tlog\lib-link.read.1.tlog
g:\new folder\shr\simpsons hit&run\game\libs\pure3d\build\win32\obj\zlib\debug\zlib.tlog\lib-link.write.1.tlog
g:\new folder\shr\simpsons hit&run\game\libs\pure3d\build\win32\obj\zlib\debug\zlib.tlog\lib.command.1.tlog
