g:\newfolder\shr\simpsonshitrun\game\libs\radcore\build\win32\tune\align.obj
g:\newfolder\shr\simpsonshitrun\game\libs\radcore\build\win32\tune\binallocator.obj
g:\newfolder\shr\simpsonshitrun\game\libs\radcore\build\win32\tune\cementer.obj
g:\newfolder\shr\simpsonshitrun\game\libs\radcore\build\win32\tune\consoleclient.obj
g:\newfolder\shr\simpsonshitrun\game\libs\radcore\build\win32\tune\debug.obj
g:\newfolder\shr\simpsonshitrun\game\libs\radcore\build\win32\tune\directinputcontroller.obj
g:\newfolder\shr\simpsonshitrun\game\libs\radcore\build\win32\tune\dispatcher.obj
g:\newfolder\shr\simpsonshitrun\game\libs\radcore\build\win32\tune\dlheap.obj
g:\newfolder\shr\simpsonshitrun\game\libs\radcore\build\win32\tune\drive.obj
g:\newfolder\shr\simpsonshitrun\game\libs\radcore\build\win32\tune\drivethread.obj
g:\newfolder\shr\simpsonshitrun\game\libs\radcore\build\win32\tune\dynamicarray.obj
g:\newfolder\shr\simpsonshitrun\game\libs\radcore\build\win32\tune\externalmemoryheap.obj
g:\newfolder\shr\simpsonshitrun\game\libs\radcore\build\win32\tune\externalmemoryobject.obj
g:\newfolder\shr\simpsonshitrun\game\libs\radcore\build\win32\tune\file.obj
g:\newfolder\shr\simpsonshitrun\game\libs\radcore\build\win32\tune\filecache.obj
g:\newfolder\shr\simpsonshitrun\game\libs\radcore\build\win32\tune\fileserver.obj
g:\newfolder\shr\simpsonshitrun\game\libs\radcore\build\win32\tune\filesystem.obj
g:\newfolder\shr\simpsonshitrun\game\libs\radcore\build\win32\tune\functionlist.obj
g:\newfolder\shr\simpsonshitrun\game\libs\radcore\build\win32\tune\host.obj
g:\newfolder\shr\simpsonshitrun\game\libs\radcore\build\win32\tune\host1394socket.obj
g:\newfolder\shr\simpsonshitrun\game\libs\radcore\build\win32\tune\hostchannel.obj
g:\newfolder\shr\simpsonshitrun\game\libs\radcore\build\win32\tune\hosthiosocket.obj
g:\newfolder\shr\simpsonshitrun\game\libs\radcore\build\win32\tune\instancedrive.obj
g:\newfolder\shr\simpsonshitrun\game\libs\radcore\build\win32\tune\memmonitorclient.obj
g:\newfolder\shr\simpsonshitrun\game\libs\radcore\build\win32\tune\memmonitorclienthelp.obj
g:\newfolder\shr\simpsonshitrun\game\libs\radcore\build\win32\tune\memorymanager.obj
g:\newfolder\shr\simpsonshitrun\game\libs\radcore\build\win32\tune\memoryobject.obj
g:\newfolder\shr\simpsonshitrun\game\libs\radcore\build\win32\tune\memorypool.obj
g:\newfolder\shr\simpsonshitrun\game\libs\radcore\build\win32\tune\memoryspacewin32.obj
g:\newfolder\shr\simpsonshitrun\game\libs\radcore\build\win32\tune\mutex.obj
g:\newfolder\shr\simpsonshitrun\game\libs\radcore\build\win32\tune\object.obj
g:\newfolder\shr\simpsonshitrun\game\libs\radcore\build\win32\tune\objectavltree.obj
g:\newfolder\shr\simpsonshitrun\game\libs\radcore\build\win32\tune\objectbtree.obj
g:\newfolder\shr\simpsonshitrun\game\libs\radcore\build\win32\tune\objectlist.obj
g:\newfolder\shr\simpsonshitrun\game\libs\radcore\build\win32\tune\pch.obj
g:\newfolder\shr\simpsonshitrun\game\libs\radcore\build\win32\tune\platalloc.obj
g:\newfolder\shr\simpsonshitrun\game\libs\radcore\build\win32\tune\platform.obj
g:\newfolder\shr\simpsonshitrun\game\libs\radcore\build\win32\tune\platformdrives.obj
g:\newfolder\shr\simpsonshitrun\game\libs\radcore\build\win32\tune\profiler.obj
g:\newfolder\shr\simpsonshitrun\game\libs\radcore\build\win32\tune\profiler2.obj
g:\newfolder\shr\simpsonshitrun\game\libs\radcore\build\win32\tune\profilesample.obj
g:\newfolder\shr\simpsonshitrun\game\libs\radcore\build\win32\tune\rad1394master.obj
g:\newfolder\shr\simpsonshitrun\game\libs\radcore\build\win32\tune\radfile.obj
g:\newfolder\shr\simpsonshitrun\game\libs\radcore\build\win32\tune\radkey.obj
g:\newfolder\shr\simpsonshitrun\game\libs\radcore\build\win32\tune\remotecommandserver.obj
g:\newfolder\shr\simpsonshitrun\game\libs\radcore\build\win32\tune\remotecommandtarget.obj
g:\newfolder\shr\simpsonshitrun\game\libs\radcore\build\win32\tune\remotedrive.obj
g:\newfolder\shr\simpsonshitrun\game\libs\radcore\build\win32\tune\requests.obj
g:\newfolder\shr\simpsonshitrun\game\libs\radcore\build\win32\tune\semaphore.obj
g:\newfolder\shr\simpsonshitrun\game\libs\radcore\build\win32\tune\simplestat.obj
g:\newfolder\shr\simpsonshitrun\game\libs\radcore\build\win32\tune\stacktrace.obj
g:\newfolder\shr\simpsonshitrun\game\libs\radcore\build\win32\tune\staticheap.obj
g:\newfolder\shr\simpsonshitrun\game\libs\radcore\build\win32\tune\statmanager.obj
g:\newfolder\shr\simpsonshitrun\game\libs\radcore\build\win32\tune\stopwatch.obj
g:\newfolder\shr\simpsonshitrun\game\libs\radcore\build\win32\tune\string.obj
g:\newfolder\shr\simpsonshitrun\game\libs\radcore\build\win32\tune\system.obj
g:\newfolder\shr\simpsonshitrun\game\libs\radcore\build\win32\tune\targetconnection.obj
g:\newfolder\shr\simpsonshitrun\game\libs\radcore\build\win32\tune\targetsocketchannel.obj
g:\newfolder\shr\simpsonshitrun\game\libs\radcore\build\win32\tune\targetx.obj
g:\newfolder\shr\simpsonshitrun\game\libs\radcore\build\win32\tune\textdisplay.obj
g:\newfolder\shr\simpsonshitrun\game\libs\radcore\build\win32\tune\thread.obj
g:\newfolder\shr\simpsonshitrun\game\libs\radcore\build\win32\tune\time.obj
g:\newfolder\shr\simpsonshitrun\game\libs\radcore\build\win32\tune\trackingheap.obj
g:\newfolder\shr\simpsonshitrun\game\libs\radcore\build\win32\tune\twowayallocator.obj
g:\newfolder\shr\simpsonshitrun\game\libs\radcore\build\win32\tune\watchclient.obj
g:\newfolder\shr\simpsonshitrun\game\libs\radcore\build\win32\tune\weakcallbackwrapper.obj
g:\newfolder\shr\simpsonshitrun\game\libs\radcore\build\win32\tune\weakinterfacewrapper.obj
g:\newfolder\shr\simpsonshitrun\game\libs\radcore\build\win32\tune\win32drive.obj
g:\newfolder\shr\simpsonshitrun\game\libs\radcore\build\win32\tune\radcore.pch
g:\newfolder\shr\simpsonshitrun\game\libs\radcore\build\win32\tune\vc70.idb
g:\newfolder\shr\simpsonshitrun\game\libs\radcore\build\win32\tune\vc70.pdb
g:\newfolder\shr\simpsonshitrun\game\libs\radcore\build\win32\tune\align.sbr
g:\newfolder\shr\simpsonshitrun\game\libs\radcore\build\win32\tune\binallocator.sbr
g:\newfolder\shr\simpsonshitrun\game\libs\radcore\build\win32\tune\cementer.sbr
g:\newfolder\shr\simpsonshitrun\game\libs\radcore\build\win32\tune\consoleclient.sbr
g:\newfolder\shr\simpsonshitrun\game\libs\radcore\build\win32\tune\debug.sbr
g:\newfolder\shr\simpsonshitrun\game\libs\radcore\build\win32\tune\directinputcontroller.sbr
g:\newfolder\shr\simpsonshitrun\game\libs\radcore\build\win32\tune\dispatcher.sbr
g:\newfolder\shr\simpsonshitrun\game\libs\radcore\build\win32\tune\dlheap.sbr
g:\newfolder\shr\simpsonshitrun\game\libs\radcore\build\win32\tune\drive.sbr
g:\newfolder\shr\simpsonshitrun\game\libs\radcore\build\win32\tune\drivethread.sbr
g:\newfolder\shr\simpsonshitrun\game\libs\radcore\build\win32\tune\dynamicarray.sbr
g:\newfolder\shr\simpsonshitrun\game\libs\radcore\build\win32\tune\externalmemoryheap.sbr
g:\newfolder\shr\simpsonshitrun\game\libs\radcore\build\win32\tune\externalmemoryobject.sbr
g:\newfolder\shr\simpsonshitrun\game\libs\radcore\build\win32\tune\file.sbr
g:\newfolder\shr\simpsonshitrun\game\libs\radcore\build\win32\tune\filecache.sbr
g:\newfolder\shr\simpsonshitrun\game\libs\radcore\build\win32\tune\fileserver.sbr
g:\newfolder\shr\simpsonshitrun\game\libs\radcore\build\win32\tune\filesystem.sbr
g:\newfolder\shr\simpsonshitrun\game\libs\radcore\build\win32\tune\functionlist.sbr
g:\newfolder\shr\simpsonshitrun\game\libs\radcore\build\win32\tune\host.sbr
g:\newfolder\shr\simpsonshitrun\game\libs\radcore\build\win32\tune\host1394socket.sbr
g:\newfolder\shr\simpsonshitrun\game\libs\radcore\build\win32\tune\hostchannel.sbr
g:\newfolder\shr\simpsonshitrun\game\libs\radcore\build\win32\tune\hosthiosocket.sbr
g:\newfolder\shr\simpsonshitrun\game\libs\radcore\build\win32\tune\instancedrive.sbr
g:\newfolder\shr\simpsonshitrun\game\libs\radcore\build\win32\tune\memmonitorclient.sbr
g:\newfolder\shr\simpsonshitrun\game\libs\radcore\build\win32\tune\memmonitorclienthelp.sbr
g:\newfolder\shr\simpsonshitrun\game\libs\radcore\build\win32\tune\memorymanager.sbr
g:\newfolder\shr\simpsonshitrun\game\libs\radcore\build\win32\tune\memoryobject.sbr
g:\newfolder\shr\simpsonshitrun\game\libs\radcore\build\win32\tune\memorypool.sbr
g:\newfolder\shr\simpsonshitrun\game\libs\radcore\build\win32\tune\memoryspacewin32.sbr
g:\newfolder\shr\simpsonshitrun\game\libs\radcore\build\win32\tune\mutex.sbr
g:\newfolder\shr\simpsonshitrun\game\libs\radcore\build\win32\tune\object.sbr
g:\newfolder\shr\simpsonshitrun\game\libs\radcore\build\win32\tune\objectavltree.sbr
g:\newfolder\shr\simpsonshitrun\game\libs\radcore\build\win32\tune\objectbtree.sbr
g:\newfolder\shr\simpsonshitrun\game\libs\radcore\build\win32\tune\objectlist.sbr
g:\newfolder\shr\simpsonshitrun\game\libs\radcore\build\win32\tune\pch.sbr
g:\newfolder\shr\simpsonshitrun\game\libs\radcore\build\win32\tune\platalloc.sbr
g:\newfolder\shr\simpsonshitrun\game\libs\radcore\build\win32\tune\platform.sbr
g:\newfolder\shr\simpsonshitrun\game\libs\radcore\build\win32\tune\platformdrives.sbr
g:\newfolder\shr\simpsonshitrun\game\libs\radcore\build\win32\tune\profiler.sbr
g:\newfolder\shr\simpsonshitrun\game\libs\radcore\build\win32\tune\profiler2.sbr
g:\newfolder\shr\simpsonshitrun\game\libs\radcore\build\win32\tune\profilesample.sbr
g:\newfolder\shr\simpsonshitrun\game\libs\radcore\build\win32\tune\rad1394master.sbr
g:\newfolder\shr\simpsonshitrun\game\libs\radcore\build\win32\tune\radfile.sbr
g:\newfolder\shr\simpsonshitrun\game\libs\radcore\build\win32\tune\radkey.sbr
g:\newfolder\shr\simpsonshitrun\game\libs\radcore\build\win32\tune\remotecommandserver.sbr
g:\newfolder\shr\simpsonshitrun\game\libs\radcore\build\win32\tune\remotecommandtarget.sbr
g:\newfolder\shr\simpsonshitrun\game\libs\radcore\build\win32\tune\remotedrive.sbr
g:\newfolder\shr\simpsonshitrun\game\libs\radcore\build\win32\tune\requests.sbr
g:\newfolder\shr\simpsonshitrun\game\libs\radcore\build\win32\tune\semaphore.sbr
g:\newfolder\shr\simpsonshitrun\game\libs\radcore\build\win32\tune\simplestat.sbr
g:\newfolder\shr\simpsonshitrun\game\libs\radcore\build\win32\tune\stacktrace.sbr
g:\newfolder\shr\simpsonshitrun\game\libs\radcore\build\win32\tune\staticheap.sbr
g:\newfolder\shr\simpsonshitrun\game\libs\radcore\build\win32\tune\statmanager.sbr
g:\newfolder\shr\simpsonshitrun\game\libs\radcore\build\win32\tune\stopwatch.sbr
g:\newfolder\shr\simpsonshitrun\game\libs\radcore\build\win32\tune\string.sbr
g:\newfolder\shr\simpsonshitrun\game\libs\radcore\build\win32\tune\system.sbr
g:\newfolder\shr\simpsonshitrun\game\libs\radcore\build\win32\tune\targetconnection.sbr
g:\newfolder\shr\simpsonshitrun\game\libs\radcore\build\win32\tune\targetsocketchannel.sbr
g:\newfolder\shr\simpsonshitrun\game\libs\radcore\build\win32\tune\targetx.sbr
g:\newfolder\shr\simpsonshitrun\game\libs\radcore\build\win32\tune\textdisplay.sbr
g:\newfolder\shr\simpsonshitrun\game\libs\radcore\build\win32\tune\thread.sbr
g:\newfolder\shr\simpsonshitrun\game\libs\radcore\build\win32\tune\time.sbr
g:\newfolder\shr\simpsonshitrun\game\libs\radcore\build\win32\tune\trackingheap.sbr
g:\newfolder\shr\simpsonshitrun\game\libs\radcore\build\win32\tune\twowayallocator.sbr
g:\newfolder\shr\simpsonshitrun\game\libs\radcore\build\win32\tune\watchclient.sbr
g:\newfolder\shr\simpsonshitrun\game\libs\radcore\build\win32\tune\weakcallbackwrapper.sbr
g:\newfolder\shr\simpsonshitrun\game\libs\radcore\build\win32\tune\weakinterfacewrapper.sbr
g:\newfolder\shr\simpsonshitrun\game\libs\radcore\build\win32\tune\win32drive.sbr
