  png.c
..\..\lib\libpng\png.c(341): warning C4996: 'sprintf': This function or variable may be unsafe. Consider using sprintf_s instead. To disable deprecation, use _CRT_SECURE_NO_WARNINGS. See online help for details.
  C:\Program Files (x86)\Windows Kits\10\Include\10.0.10240.0\ucrt\stdio.h(1769): note: see declaration of 'sprintf'
  pngerror.c
  pngget.c
  pngmem.c
  pngpread.c
..\..\lib\libpng\pngpread.c(97): warning C4267: '+=': conversion from 'size_t' to 'png_byte', possible loss of data
  pngread.c
  pngrio.c
  pngrtran.c
..\..\lib\libpng\pngrtran.c(1040): warning C4996: 'sprintf': This function or variable may be unsafe. Consider using sprintf_s instead. To disable deprecation, use _CRT_SECURE_NO_WARNINGS. See online help for details.
  C:\Program Files (x86)\Windows Kits\10\Include\10.0.10240.0\ucrt\stdio.h(1769): note: see declaration of 'sprintf'
  pngrutil.c
..\..\lib\libpng\pngrutil.c(1400): warning C4996: 'sprintf': This function or variable may be unsafe. Consider using sprintf_s instead. To disable deprecation, use _CRT_SECURE_NO_WARNINGS. See online help for details.
  C:\Program Files (x86)\Windows Kits\10\Include\10.0.10240.0\ucrt\stdio.h(1769): note: see declaration of 'sprintf'
  pngset.c
  pngtrans.c
  pngwio.c
  pngwrite.c
..\..\lib\libpng\pngwrite.c(239): warning C4996: 'gmtime': This function or variable may be unsafe. Consider using gmtime_s instead. To disable deprecation, use _CRT_SECURE_NO_WARNINGS. See online help for details.
  C:\Program Files (x86)\Windows Kits\10\Include\10.0.10240.0\ucrt\time.h(495): note: see declaration of 'gmtime'
  pngwtran.c
  pngwutil.c
..\..\lib\libpng\pngwutil.c(617): warning C4996: 'sprintf': This function or variable may be unsafe. Consider using sprintf_s instead. To disable deprecation, use _CRT_SECURE_NO_WARNINGS. See online help for details.
  C:\Program Files (x86)\Windows Kits\10\Include\10.0.10240.0\ucrt\stdio.h(1769): note: see declaration of 'sprintf'
..\..\lib\libpng\pngwutil.c(760): warning C4996: 'sprintf': This function or variable may be unsafe. Consider using sprintf_s instead. To disable deprecation, use _CRT_SECURE_NO_WARNINGS. See online help for details.
  C:\Program Files (x86)\Windows Kits\10\Include\10.0.10240.0\ucrt\stdio.h(1769): note: see declaration of 'sprintf'
  Generating Code...
C:\Program Files (x86)\MSBuild\Microsoft.Cpp\v4.0\V140\Microsoft.CppBuild.targets(1357,5): warning MSB8012: TargetPath(G:\Newfolder\shr\SimpsonsHitRun\game\libs\pure3d\build\win32\.\ToolsRelease\libpng.lib) does not match the Library's OutputFile property value (G:\Newfolder\shr\SimpsonsHitRun\game\libs\pure3d\build\lib\pngwtr.lib). This may cause your project to build incorrectly. To correct this, please make sure that $(OutDir), $(TargetName) and $(TargetExt) property values match the value specified in %(Lib.OutputFile).
C:\Program Files (x86)\MSBuild\Microsoft.Cpp\v4.0\V140\Microsoft.CppBuild.targets(1359,5): warning MSB8012: TargetName(libpng) does not match the Library's OutputFile property value (pngwtr). This may cause your project to build incorrectly. To correct this, please make sure that $(OutDir), $(TargetName) and $(TargetExt) property values match the value specified in %(Lib.OutputFile).
  libpng.vcxproj -> G:\Newfolder\shr\SimpsonsHitRun\game\libs\pure3d\build\win32\.\ToolsRelease\libpng.lib
