g:\newfolder\shr\simpsonshitrun\game\libs\pure3d\build\win32\obj\pddidx8\tune\shadersetup.obj
g:\newfolder\shr\simpsonshitrun\game\libs\pure3d\build\win32\obj\pddidx8\tune\shaderdata.obj
g:\newfolder\shr\simpsonshitrun\game\libs\pure3d\build\win32\obj\pddidx8\tune\shader.obj
g:\newfolder\shr\simpsonshitrun\game\libs\pure3d\build\win32\obj\pddidx8\tune\reflectshader.obj
g:\newfolder\shr\simpsonshitrun\game\libs\pure3d\build\win32\obj\pddidx8\tune\projectedtextureshader.obj
g:\newfolder\shr\simpsonshitrun\game\libs\pure3d\build\win32\obj\pddidx8\tune\pointspriteshader.obj
g:\newfolder\shr\simpsonshitrun\game\libs\pure3d\build\win32\obj\pddidx8\tune\lightmapshader.obj
g:\newfolder\shr\simpsonshitrun\game\libs\pure3d\build\win32\obj\pddidx8\tune\layeredshader.obj
g:\newfolder\shr\simpsonshitrun\game\libs\pure3d\build\win32\obj\pddidx8\tune\layeredlmapshader.obj
g:\newfolder\shr\simpsonshitrun\game\libs\pure3d\build\win32\obj\pddidx8\tune\errorshader.obj
g:\newfolder\shr\simpsonshitrun\game\libs\pure3d\build\win32\obj\pddidx8\tune\primstream.obj
g:\newfolder\shr\simpsonshitrun\game\libs\pure3d\build\win32\obj\pddidx8\tune\prim.obj
g:\newfolder\shr\simpsonshitrun\game\libs\pure3d\build\win32\obj\pddidx8\tune\display.obj
g:\newfolder\shr\simpsonshitrun\game\libs\pure3d\build\win32\obj\pddidx8\tune\device.obj
g:\newfolder\shr\simpsonshitrun\game\libs\pure3d\build\win32\obj\pddidx8\tune\context.obj
g:\newfolder\shr\simpsonshitrun\game\libs\pure3d\build\win32\obj\pddidx8\tune\pddiobj.obj
g:\newfolder\shr\simpsonshitrun\game\libs\pure3d\build\win32\obj\pddidx8\tune\font.obj
g:\newfolder\shr\simpsonshitrun\game\libs\pure3d\build\win32\obj\pddidx8\tune\baseshader.obj
g:\newfolder\shr\simpsonshitrun\game\libs\pure3d\build\win32\obj\pddidx8\tune\basecontext.obj
g:\newfolder\shr\simpsonshitrun\game\libs\pure3d\build\win32\obj\pddidx8\tune\vertprog.obj
g:\newfolder\shr\simpsonshitrun\game\libs\pure3d\build\win32\obj\pddidx8\tune\util.obj
g:\newfolder\shr\simpsonshitrun\game\libs\pure3d\build\win32\obj\pddidx8\tune\texture.obj
g:\newfolder\shr\simpsonshitrun\game\libs\pure3d\build\win32\obj\pddidx8\tune\state.obj
g:\newfolder\shr\simpsonshitrun\game\libs\pure3d\build\win32\obj\pddidx8\tune\toonshader.obj
g:\newfolder\shr\simpsonshitrun\game\libs\pure3d\build\win32\obj\pddidx8\tune\simpleshader.obj
g:\newfolder\shr\simpsonshitrun\game\libs\pure3d\pddi\dx8\psh\hktoonshader.h
g:\newfolder\shr\simpsonshitrun\game\libs\pure3d\pddi\dx8\vsh\projtex.h
g:\newfolder\shr\simpsonshitrun\game\libs\pure3d\pddi\dx8\vsh\skin.h
g:\newfolder\shr\simpsonshitrun\game\libs\pure3d\pddi\dx8\vsh\skin_hktoon.h
g:\newfolder\shr\simpsonshitrun\game\libs\pure3d\pddi\dx8\vsh\skin_onebone.h
g:\newfolder\shr\simpsonshitrun\game\libs\pure3d\pddi\dx8\vsh\skin_onebone_hktoon.h
g:\newfolder\shr\simpsonshitrun\game\libs\pure3d\build\win32\obj\pddidx8\tune\pddidx8.tlog\cl.command.1.tlog
g:\newfolder\shr\simpsonshitrun\game\libs\pure3d\build\win32\obj\pddidx8\tune\pddidx8.tlog\cl.read.1.tlog
g:\newfolder\shr\simpsonshitrun\game\libs\pure3d\build\win32\obj\pddidx8\tune\pddidx8.tlog\cl.write.1.tlog
g:\newfolder\shr\simpsonshitrun\game\libs\pure3d\build\win32\obj\pddidx8\tune\pddidx8.tlog\custombuild.command.1.tlog
g:\newfolder\shr\simpsonshitrun\game\libs\pure3d\build\win32\obj\pddidx8\tune\pddidx8.tlog\custombuild.read.1.tlog
g:\newfolder\shr\simpsonshitrun\game\libs\pure3d\build\win32\obj\pddidx8\tune\pddidx8.tlog\custombuild.write.1.tlog
