  pch.cpp
  radfactory.cpp
  namespace.cpp
G:\Newfolder\shr\SimpsonsHitRun\game\libs\radscript\inc\radtypeinfo.hpp(1183): warning C4996: 'strcpy': This function or variable may be unsafe. Consider using strcpy_s instead. To disable deprecation, use _CRT_SECURE_NO_WARNINGS. See online help for details.
  C:\Program Files (x86)\Windows Kits\10\Include\10.0.10240.0\ucrt\string.h(119): note: see declaration of 'strcpy'
  remotescript.cpp
G:\Newfolder\shr\SimpsonsHitRun\game\libs\radscript\inc\radtypeinfo.hpp(1183): warning C4996: 'strcpy': This function or variable may be unsafe. Consider using strcpy_s instead. To disable deprecation, use _CRT_SECURE_NO_WARNINGS. See online help for details.
  C:\Program Files (x86)\Windows Kits\10\Include\10.0.10240.0\ucrt\string.h(119): note: see declaration of 'strcpy'
..\..\src\script\remotescript.cpp(64): warning C4996: 'strcpy': This function or variable may be unsafe. Consider using strcpy_s instead. To disable deprecation, use _CRT_SECURE_NO_WARNINGS. See online help for details.
  C:\Program Files (x86)\Windows Kits\10\Include\10.0.10240.0\ucrt\string.h(119): note: see declaration of 'strcpy'
  script.cpp
G:\Newfolder\shr\SimpsonsHitRun\game\libs\radscript\inc\radtypeinfo.hpp(1183): warning C4996: 'strcpy': This function or variable may be unsafe. Consider using strcpy_s instead. To disable deprecation, use _CRT_SECURE_NO_WARNINGS. See online help for details.
  C:\Program Files (x86)\Windows Kits\10\Include\10.0.10240.0\ucrt\string.h(119): note: see declaration of 'strcpy'
  typeinfodistributor.cpp
G:\Newfolder\shr\SimpsonsHitRun\game\libs\radscript\inc\radtypeinfo.hpp(1183): warning C4996: 'strcpy': This function or variable may be unsafe. Consider using strcpy_s instead. To disable deprecation, use _CRT_SECURE_NO_WARNINGS. See online help for details.
  C:\Program Files (x86)\Windows Kits\10\Include\10.0.10240.0\ucrt\string.h(119): note: see declaration of 'strcpy'
  typeinfoutil.cpp
G:\Newfolder\shr\SimpsonsHitRun\game\libs\radscript\inc\radtypeinfo.hpp(1183): warning C4996: 'strcpy': This function or variable may be unsafe. Consider using strcpy_s instead. To disable deprecation, use _CRT_SECURE_NO_WARNINGS. See online help for details.
  C:\Program Files (x86)\Windows Kits\10\Include\10.0.10240.0\ucrt\string.h(119): note: see declaration of 'strcpy'
  TypeInfoEnum.cpp
  typeinfoinstance.cpp
g:\newfolder\shr\simpsonshitrun\game\libs\radscript\inc\radtypeinfo.hpp(1183): warning C4996: 'strcpy': This function or variable may be unsafe. Consider using strcpy_s instead. To disable deprecation, use _CRT_SECURE_NO_WARNINGS. See online help for details.
  C:\Program Files (x86)\Windows Kits\10\Include\10.0.10240.0\ucrt\string.h(119): note: see declaration of 'strcpy'
  typeinfointerface.cpp
G:\Newfolder\shr\SimpsonsHitRun\game\libs\radscript\inc\radtypeinfo.hpp(1183): warning C4996: 'strcpy': This function or variable may be unsafe. Consider using strcpy_s instead. To disable deprecation, use _CRT_SECURE_NO_WARNINGS. See online help for details.
  C:\Program Files (x86)\Windows Kits\10\Include\10.0.10240.0\ucrt\string.h(119): note: see declaration of 'strcpy'
  TypeInfoIntLiteral.cpp
G:\Newfolder\shr\SimpsonsHitRun\game\libs\radscript\inc\radtypeinfo.hpp(1183): warning C4996: 'strcpy': This function or variable may be unsafe. Consider using strcpy_s instead. To disable deprecation, use _CRT_SECURE_NO_WARNINGS. See online help for details.
  C:\Program Files (x86)\Windows Kits\10\Include\10.0.10240.0\ucrt\string.h(119): note: see declaration of 'strcpy'
  typeinfoloader.cpp
G:\Newfolder\shr\SimpsonsHitRun\game\libs\radscript\inc\radtypeinfo.hpp(1183): warning C4996: 'strcpy': This function or variable may be unsafe. Consider using strcpy_s instead. To disable deprecation, use _CRT_SECURE_NO_WARNINGS. See online help for details.
  C:\Program Files (x86)\Windows Kits\10\Include\10.0.10240.0\ucrt\string.h(119): note: see declaration of 'strcpy'
  typeinfomethod.cpp
G:\Newfolder\shr\SimpsonsHitRun\game\libs\radscript\inc\radtypeinfo.hpp(1183): warning C4996: 'strcpy': This function or variable may be unsafe. Consider using strcpy_s instead. To disable deprecation, use _CRT_SECURE_NO_WARNINGS. See online help for details.
  C:\Program Files (x86)\Windows Kits\10\Include\10.0.10240.0\ucrt\string.h(119): note: see declaration of 'strcpy'
  TypeInfoParam.cpp
  typeinfosystem.cpp
G:\Newfolder\shr\SimpsonsHitRun\game\libs\radscript\inc\radtypeinfo.hpp(1183): warning C4996: 'strcpy': This function or variable may be unsafe. Consider using strcpy_s instead. To disable deprecation, use _CRT_SECURE_NO_WARNINGS. See online help for details.
  C:\Program Files (x86)\Windows Kits\10\Include\10.0.10240.0\ucrt\string.h(119): note: see declaration of 'strcpy'
  win32typeinfovfcall.cpp
  Generating Code...
C:\Program Files (x86)\MSBuild\Microsoft.Cpp\v4.0\V140\Microsoft.CppBuild.targets(1357,5): warning MSB8012: TargetPath(G:\Newfolder\shr\SimpsonsHitRun\game\libs\radscript\build\win32\.\Release\radscript.lib) does not match the Library's OutputFile property value (G:\Newfolder\shr\SimpsonsHitRun\game\libs\radscript\lib\radscriptwr.lib). This may cause your project to build incorrectly. To correct this, please make sure that $(OutDir), $(TargetName) and $(TargetExt) property values match the value specified in %(Lib.OutputFile).
C:\Program Files (x86)\MSBuild\Microsoft.Cpp\v4.0\V140\Microsoft.CppBuild.targets(1359,5): warning MSB8012: TargetName(radscript) does not match the Library's OutputFile property value (radscriptwr). This may cause your project to build incorrectly. To correct this, please make sure that $(OutDir), $(TargetName) and $(TargetExt) property values match the value specified in %(Lib.OutputFile).
TypeInfoIntLiteral.obj : warning LNK4221: This object file does not define any previously undefined public symbols, so it will not be used by any link operation that consumes this library
typeinfointerface.obj : warning LNK4221: This object file does not define any previously undefined public symbols, so it will not be used by any link operation that consumes this library
typeinfoutil.obj : warning LNK4221: This object file does not define any previously undefined public symbols, so it will not be used by any link operation that consumes this library
  radscript.vcxproj -> G:\Newfolder\shr\SimpsonsHitRun\game\libs\radscript\build\win32\.\Release\radscript.lib
